-0.138645 0.0615323
-0.119378 0.0737058
-0.0900504 0.0860384
-0.0527345 0.0984626
-0.0102955 0.110918
0.0341745 0.123353
0.0779234 0.135726
0.118993 0.148007
0.156474 0.160181
0.190514 0.17224
0.222088 0.184192
0.252591 0.196051
0.283335 0.20784
0.315072 0.219591
0.347651 0.231336
0.379878 0.243115
0.409626 0.254965
0.434182 0.266926
0.450756 0.279035
0.457067 0.291329
0.451878 0.303839
0.435377 0.316596
0.409311 0.329624
0.376852 0.342942
0.342198 0.356567
0.309986 0.370507
0.284608 0.384765
0.269567 0.399338
0.266982 0.414217
0.277331 0.429385
0.299476 0.444816
0.330952 0.460481
0.36848 0.47634
0.40857 0.492348
0.44813 0.508453
0.484942 0.524597
0.51793 0.540716
0.547175 0.556744
0.573683 0.572612
0.598965 0.58825
0.62453 0.603588
0.651395 0.618561
0.679723 0.633106
0.708667 0.647166
0.736465 0.660692
0.760752 0.673643
0.779046 0.685986
0.789295 0.697696
0.790373 0.708759
0.782426 0.719167
0.766982 0.72892
0.746795 0.738027
0.725446 0.7465
0.706773 0.754357
0.694224 0.76162
0.690265 0.768313
0.695959 0.774461
0.710778 0.780092
0.732706 0.785234
0.758602 0.789914
0.784762 0.794158
0.807565 0.797992
0.824092 0.80144
0.8326 0.804525
0.832762 0.807268
0.82564 0.809689
0.813398 0.811805
0.798825 0.813633
0.784763 0.815187
0.773556 0.816481
0.766639 0.817525
0.764325 0.818331
0.765856 0.818905
0.769679 0.819257
0.773889 0.819392
0.776751 0.819315
0.777173 0.81903
0.775036 0.818541
0.771305 0.817848
0.767886 0.816953
0.767257 0.815857
0.771948 0.814558
0.78396 0.813056
0.80425 0.811349
0.832395 0.809433
0.866496 0.807306
0.903356 0.804964
0.938911 0.802404
0.968839 0.79962
0.989229 0.796608
0.997203 0.793363
0.991359 0.78988
0.971973 0.786154
0.940911 0.782182
0.901284 0.777958
0.856898 0.773478
0.811629 0.76874
0.768817 0.763741
0.730807 0.75848
0.698717 0.752957
0.672456 0.747173
0.650991 0.741131
0.632781 0.734834
0.616295 0.728288
0.600489 0.721499
0.585138 0.714476
0.57096 0.707227
0.559489 0.699762
0.552742 0.692088
0.552723 0.684215
0.560892 0.676149
0.577697 0.667894
0.602283 0.659452
0.632435 0.650821
0.664791 0.641993
0.695291 0.632955
0.71978 0.62369
0.734661 0.614173
0.737472 0.604374
0.727286 0.594254
0.704848 0.583773
0.672427 0.57288
0.633418 0.561525
0.591751 0.549651
0.551234 0.5372
0.514945 0.524116
0.484785 0.510342
0.461266 0.495829
0.443579 0.480533
0.429895 0.464423
0.417863 0.447482
0.405164 0.429712
0.390036 0.411137
0.371647 0.391808
0.350242 0.371803
0.327053 0.351233
0.303973 0.330236
0.283088 0.30898
0.266149 0.287654
0.254116 0.266463
0.246857 0.245618
0.243086 0.225323
0.240546 0.20577
0.23642 0.187122
0.227878 0.169509
0.212662 0.153023
0.189589 0.137713
0.15887 0.123589
0.12217 0.110622
0.0823959 0.0987511
0.0432452 0.0878861
0.00859319 0.0779152
-0.0181669 0.0687087
-0.0347085 0.060123
-0.0401727 0.052003
-0.0353119 0.0441842
-0.0223513 0.0364933
-0.00459756 0.0287475
0.0141292 0.0207539
0.0301295 0.0123083
0.0404062 0.0031938
0.0430843 -0.00682008
0.0375973 -0.0179769
0.0246118 -0.0305315
0.00571827 -0.0447458
-0.0170401 -0.0608803
-0.0416967 -0.0791812
-0.0668348 -0.0998616
-0.0919046 -0.123076
-0.117317 -0.148887
-0.144296 -0.17723
-0.174517 -0.207878
-0.209613 -0.240414
-0.250655 -0.274227
-0.297712 -0.308533
-0.349599 -0.342441
-0.403873 -0.375041
-0.457085 -0.405508
-0.505261 -0.4332
-0.544514 -0.457708
-0.571691 -0.478877
-0.584916 -0.496768
-0.583937 -0.51161
-0.57021 -0.523732
-0.546686 -0.533507
-0.517365 -0.541313
-0.48667 -0.547497
-0.458777 -0.552368
-0.437011 -0.55619
-0.423426 -0.55918
-0.418626 -0.561516
-0.42186 -0.563339
-0.431368 -0.564761
-0.444876 -0.565871
-0.460158 -0.566739
-0.475537 -0.567417
-0.49023 -0.567949
-0.504453 -0.568367
-0.519299 -0.568696
-0.536387 -0.568955
-0.557385 -0.569161
-0.583501 -0.569323
-0.615055 -0.569453
-0.651232 -0.569557
-0.690069 -0.56964
-0.728702 -0.569707
-0.763812 -0.569761
-0.792204 -0.569805
-0.811396 -0.569841
-0.820113 -0.56987
-0.818565 -0.569895
-0.808477 -0.569915
-0.792835 -0.569932
-0.775401 -0.569946
-0.760086 -0.569958
-0.750291 -0.569968
-0.748343 -0.569977
-0.755125 -0.569985
-0.769973 -0.569991
-0.790846 -0.569997
-0.814748 -0.570002
-0.838294 -0.570007
-0.85834 -0.570011
-0.872523 -0.570014
-0.879633 -0.570018
-0.879746 -0.570021
-0.874089 -0.570023
-0.86469 -0.570026
-0.853878 -0.570028
-0.843747 -0.57003
-0.835698 -0.570032
-0.830151 -0.570034
-0.826493 -0.570035
-0.823266 -0.570037
-0.818557 -0.570038
-0.810515 -0.570039
-0.79787 -0.570041
-0.780359 -0.570042
-0.758946 -0.570043
-0.735803 -0.570044
-0.71402 -0.570045
-0.697116 -0.570046
-0.688422 -0.570047
-0.690459 -0.570047
-0.704432 -0.570048
-0.72994 -0.570049
-0.764947 -0.570049
-0.806051 -0.57005
-0.848972 -0.570051
-0.889198 -0.570051
-0.922658 -0.570052
-0.946295 -0.570052
-0.958455 -0.570053
-0.95901 -0.570053
-0.94921 -0.570054
-0.931302 -0.570054
-0.908 -0.570054
-0.881915 -0.570055
-0.855059 -0.570055
-0.828531 -0.570055
-0.802425 -0.570056
-0.77599 -0.570056
-0.74799 -0.570056
-0.717182 -0.570057
-0.682813 -0.570057
-0.645007 -0.570057
-0.604973 -0.570057
-0.564965 -0.570058
-0.527997 -0.570058
-0.497366 -0.570058
-0.47606 -0.570058
-0.466187 -0.570058
-0.468512 -0.570059
-0.48223 -0.570059
-0.504988 -0.570059
-0.533203 -0.570059
-0.562578 -0.570059
-0.588769 -0.570059
-0.608039 -0.570059
-0.617817 -0.57006
-0.61704 -0.57006
-0.606217 -0.57006
-0.587229 -0.57006
-0.562886 -0.57006
-0.536346 -0.57006
-0.510507 -0.57006
-0.487486 -0.57006
-0.468287 -0.57006
-0.452717 -0.57006
-0.439553 -0.570061
-0.426926 -0.570061
-0.412821 -0.570061
-0.395602 -0.570061
-0.374439 -0.570061
-0.349541 -0.570061
-0.322162 -0.570061
-0.294356 -0.570061
-0.268544 -0.570061
-0.24698 -0.570061
-0.231224 -0.570061
-0.221731 -0.570061
-0.217659 -0.570061
-0.216926 -0.570061
-0.21653 -0.570061
-0.213059 -0.570061
-0.203319 -0.570061
-0.184938 -0.570061
-0.156845 -0.570061
-0.119527 -0.570061
-0.0750048 -0.570061
-0.0265385 -0.570061
0.0218905 -0.570061
0.0662239 -0.570061
0.102978 -0.570061
0.129783 -0.570061
0.145713 -0.570061
0.151348 -0.570061
0.148573 -0.570061
0.14015 -0.570062
0.129161 -0.570062
